{
  "RSpec": {
    "coverage": {
      "/Users/jamieallen/Desktop/github/Kickstagram/config/environment.rb": [
        null,
        1,
        null,
        null,
        1
      ],
      "/Users/jamieallen/Desktop/github/Kickstagram/config/application.rb": [
        1,
        null,
        null,
        1,
        1,
        1,
        1,
        1,
        1,
        null,
        null,
        null,
        null,
        1,
        null,
        1,
        1,
        null,
        null,
        null,
        null,
        null,
        null,
        null,
        null,
        null,
        null,
        null,
        null,
        null
      ],
      "/Users/jamieallen/Desktop/github/Kickstagram/config/boot.rb": [
        null,
        1,
        null,
        1
      ],
      "/Users/jamieallen/Desktop/github/Kickstagram/config/environments/test.rb": [
        1,
        null,
        null,
        null,
        null,
        null,
        null,
        1,
        null,
        null,
        null,
        null,
        1,
        null,
        null,
        1,
        1,
        null,
        null,
        1,
        1,
        null,
        null,
        1,
        null,
        null,
        1,
        null,
        null,
        null,
        null,
        1,
        null,
        null,
        1,
        null,
        null,
        null,
        null
      ],
      "/Users/jamieallen/Desktop/github/Kickstagram/config/initializers/assets.rb": [
        null,
        null,
        null,
        1,
        null,
        null,
        null,
        null
      ],
      "/Users/jamieallen/Desktop/github/Kickstagram/config/initializers/backtrace_silencers.rb": [
        null,
        null,
        null,
        null,
        null,
        null,
        null
      ],
      "/Users/jamieallen/Desktop/github/Kickstagram/config/initializers/cookies_serializer.rb": [
        null,
        null,
        1
      ],
      "/Users/jamieallen/Desktop/github/Kickstagram/config/initializers/devise.rb": [
        null,
        null,
        1,
        null,
        null,
        null,
        null,
        null,
        null,
        null,
        null,
        null,
        1,
        null,
        null,
        null,
        null,
        null,
        null,
        null,
        null,
        1,
        null,
        null,
        null,
        null,
        null,
        null,
        null,
        null,
        null,
        null,
        null,
        null,
        null,
        null,
        null,
        null,
        null,
        null,
        null,
        null,
        null,
        1,
        null,
        null,
        null,
        null,
        1,
        null,
        null,
        null,
        null,
        null,
        null,
        null,
        null,
        null,
        null,
        null,
        null,
        null,
        null,
        null,
        null,
        null,
        null,
        null,
        null,
        null,
        null,
        null,
        null,
        null,
        null,
        null,
        null,
        null,
        null,
        1,
        null,
        null,
        null,
        null,
        null,
        null,
        null,
        null,
        null,
        null,
        null,
        null,
        null,
        null,
        null,
        null,
        1,
        null,
        null,
        null,
        null,
        null,
        null,
        null,
        null,
        null,
        null,
        null,
        null,
        null,
        null,
        null,
        null,
        null,
        null,
        null,
        null,
        null,
        null,
        null,
        null,
        1,
        null,
        null,
        null,
        null,
        null,
        null,
        null,
        null,
        null,
        1,
        null,
        null,
        null,
        null,
        null,
        null,
        null,
        null,
        null,
        null,
        1,
        null,
        null,
        null,
        null,
        null,
        null,
        null,
        null,
        null,
        null,
        null,
        null,
        null,
        null,
        null,
        null,
        null,
        null,
        null,
        null,
        null,
        null,
        null,
        null,
        null,
        null,
        null,
        null,
        null,
        null,
        null,
        null,
        null,
        null,
        null,
        null,
        null,
        null,
        null,
        null,
        null,
        null,
        null,
        null,
        null,
        null,
        null,
        null,
        1,
        null,
        null,
        null,
        null,
        null,
        null,
        null,
        null,
        null,
        null,
        null,
        null,
        null,
        null,
        null,
        null,
        null,
        null,
        null,
        null,
        null,
        null,
        null,
        null,
        null,
        null,
        null,
        null,
        null,
        null,
        null,
        null,
        null,
        null,
        null,
        null,
        null,
        1,
        null,
        null,
        null,
        null,
        null,
        null,
        null,
        null,
        null,
        null,
        null,
        null,
        null,
        null,
        null,
        null,
        null,
        null,
        null,
        null,
        null,
        null,
        null,
        null,
        null,
        null,
        null,
        null,
        null
      ],
      "/Users/jamieallen/Desktop/github/Kickstagram/config/initializers/filter_parameter_logging.rb": [
        null,
        null,
        null,
        1
      ],
      "/Users/jamieallen/Desktop/github/Kickstagram/config/initializers/inflections.rb": [
        null,
        null,
        null,
        null,
        null,
        null,
        null,
        null,
        null,
        null,
        null,
        null,
        null,
        null,
        null,
        null
      ],
      "/Users/jamieallen/Desktop/github/Kickstagram/config/initializers/mime_types.rb": [
        null,
        null,
        null,
        null
      ],
      "/Users/jamieallen/Desktop/github/Kickstagram/config/initializers/session_store.rb": [
        null,
        null,
        1
      ],
      "/Users/jamieallen/Desktop/github/Kickstagram/config/initializers/stripe.rb": [
        1,
        null,
        null,
        null,
        null,
        1
      ],
      "/Users/jamieallen/Desktop/github/Kickstagram/config/initializers/wrap_parameters.rb": [
        null,
        null,
        null,
        null,
        null,
        null,
        1,
        1,
        null,
        null,
        null,
        null,
        null,
        null
      ],
      "/Users/jamieallen/Desktop/github/Kickstagram/config/routes.rb": [
        1,
        null,
        1,
        null,
        1,
        1,
        1,
        null,
        null,
        1,
        null,
        1,
        null,
        1,
        null,
        null,
        null,
        null,
        null,
        null,
        null,
        null,
        null,
        null,
        null,
        null,
        null,
        null,
        null,
        null,
        null,
        null,
        null,
        null,
        null,
        null,
        null,
        null,
        null,
        null,
        null,
        null,
        null,
        null,
        null,
        null,
        null,
        null,
        null,
        null,
        null,
        null,
        null,
        null,
        null,
        null,
        null,
        null,
        null,
        null,
        null,
        null,
        null,
        null,
        null,
        null,
        null,
        null,
        null,
        null,
        null
      ],
      "/Users/jamieallen/Desktop/github/Kickstagram/app/models/user.rb": [
        1,
        null,
        null,
        1,
        null,
        null,
        1,
        null
      ],
      "/Users/jamieallen/Desktop/github/Kickstagram/app/helpers/application_helper.rb": [
        1,
        null
      ],
      "/Users/jamieallen/Desktop/github/Kickstagram/app/helpers/charges_helper.rb": [
        1,
        null
      ],
      "/Users/jamieallen/Desktop/github/Kickstagram/app/helpers/maps_helper.rb": [
        1,
        null
      ],
      "/Users/jamieallen/Desktop/github/Kickstagram/app/helpers/posts_helper.rb": [
        1,
        null
      ],
      "/Users/jamieallen/Desktop/github/Kickstagram/app/helpers/price_helper.rb": [
        1,
        null
      ],
      "/Users/jamieallen/Desktop/github/Kickstagram/app/helpers/tags_helper.rb": [
        1,
        null
      ],
      "/Users/jamieallen/Desktop/github/Kickstagram/app/controllers/charges_controller.rb": [
        1,
        null,
        1,
        0,
        null,
        null,
        1,
        null,
        0,
        null,
        0,
        null,
        0,
        null,
        null,
        null,
        null,
        0,
        null,
        null,
        null,
        null,
        null,
        null,
        null,
        0,
        0,
        null,
        null,
        null
      ],
      "/Users/jamieallen/Desktop/github/Kickstagram/app/controllers/application_controller.rb": [
        1,
        null,
        null,
        1,
        null,
        null
      ],
      "/Users/jamieallen/Desktop/github/Kickstagram/app/controllers/maps_controller.rb": [
        1,
        null,
        1,
        0,
        null,
        null,
        null
      ],
      "/Users/jamieallen/Desktop/github/Kickstagram/app/controllers/posts_controller.rb": [
        1,
        1,
        null,
        1,
        5,
        null,
        null,
        1,
        0,
        null,
        null,
        1,
        0,
        0,
        0,
        null,
        null,
        1,
        0,
        0,
        null,
        null,
        null
      ],
      "/Users/jamieallen/Desktop/github/Kickstagram/app/controllers/price_controller.rb": [
        1,
        null
      ],
      "/Users/jamieallen/Desktop/github/Kickstagram/app/controllers/tags_controller.rb": [
        1,
        null,
        1,
        0,
        null,
        null,
        null
      ],
      "/Users/jamieallen/Desktop/github/Kickstagram/app/models/tag.rb": [
        1,
        null,
        1,
        null,
        1,
        0,
        null,
        null,
        null
      ],
      "/Users/jamieallen/Desktop/github/Kickstagram/app/models/post.rb": [
        1,
        1,
        null,
        null,
        null,
        null,
        null,
        null,
        null,
        null,
        1,
        1,
        null,
        null,
        1,
        null,
        null,
        1,
        9,
        null,
        8,
        15,
        null,
        null,
        null,
        null
      ]
    },
    "timestamp": 1412082607
  }
}
